
|------------------------------------------------------------------------------
| 2017-09-05 18:01:27
|------------------------------------------------------------------------------
Error: ER_NO_SUCH_TABLE: Table 'node_mysql.webinars' doesn't exist
    at Query.Sequence._packetToError (/home/vagrant/code/node_sandbox/node_modules/mysql/lib/protocol/sequences/Sequence.js:52:14)
    at Query.ErrorPacket (/home/vagrant/code/node_sandbox/node_modules/mysql/lib/protocol/sequences/Query.js:77:18)
    at Protocol._parsePacket (/home/vagrant/code/node_sandbox/node_modules/mysql/lib/protocol/Protocol.js:280:23)
    at Parser.write (/home/vagrant/code/node_sandbox/node_modules/mysql/lib/protocol/Parser.js:76:12)
    at Protocol.write (/home/vagrant/code/node_sandbox/node_modules/mysql/lib/protocol/Protocol.js:39:16)
    at Socket.<anonymous> (/home/vagrant/code/node_sandbox/node_modules/mysql/lib/Connection.js:103:28)
    at emitOne (events.js:115:13)
    at Socket.emit (events.js:210:7)
    at addChunk (_stream_readable.js:266:12)
    at readableAddChunk (_stream_readable.js:253:11)
    at Socket.Readable.push (_stream_readable.js:211:10)
    at TCP.onread (net.js:585:20)
    --------------------
    at Protocol._enqueue (/home/vagrant/code/node_sandbox/node_modules/mysql/lib/protocol/Protocol.js:141:48)
    at Connection.query (/home/vagrant/code/node_sandbox/node_modules/mysql/lib/Connection.js:208:25)
    at /home/vagrant/code/node_sandbox/app/controllers/admin/WebinarsController.js:21:16
    at Promise (<anonymous>)
    at getWebinars (/home/vagrant/code/node_sandbox/app/controllers/admin/WebinarsController.js:6:10)
    at getData (/home/vagrant/code/node_sandbox/app/controllers/admin/WebinarsController.js:68:22)
    at index (/home/vagrant/code/node_sandbox/app/controllers/admin/WebinarsController.js:72:12)
    at Layer.handle [as handle_request] (/home/vagrant/code/node_sandbox/node_modules/express/lib/router/layer.js:95:5)
    at next (/home/vagrant/code/node_sandbox/node_modules/express/lib/router/route.js:137:13)
    at Route.dispatch (/home/vagrant/code/node_sandbox/node_modules/express/lib/router/route.js:112:3)
    at Layer.handle [as handle_request] (/home/vagrant/code/node_sandbox/node_modules/express/lib/router/layer.js:95:5)
    at /home/vagrant/code/node_sandbox/node_modules/express/lib/router/index.js:281:22
    at Function.process_params (/home/vagrant/code/node_sandbox/node_modules/express/lib/router/index.js:335:12)
    at next (/home/vagrant/code/node_sandbox/node_modules/express/lib/router/index.js:275:10)
    at next (/home/vagrant/code/node_sandbox/node_modules/express/lib/router/route.js:127:14)
    at app.get (/home/vagrant/code/node_sandbox/app.js:160:3)

|------------------------------------------------------------------------------
| 2017-09-05 18:10:51
|------------------------------------------------------------------------------
Error: ER_NO_SUCH_TABLE: Table 'node_mysql.webinars' doesn't exist
    at Query.Sequence._packetToError (/home/vagrant/code/node_sandbox/node_modules/mysql/lib/protocol/sequences/Sequence.js:52:14)
    at Query.ErrorPacket (/home/vagrant/code/node_sandbox/node_modules/mysql/lib/protocol/sequences/Query.js:77:18)
    at Protocol._parsePacket (/home/vagrant/code/node_sandbox/node_modules/mysql/lib/protocol/Protocol.js:280:23)
    at Parser.write (/home/vagrant/code/node_sandbox/node_modules/mysql/lib/protocol/Parser.js:76:12)
    at Protocol.write (/home/vagrant/code/node_sandbox/node_modules/mysql/lib/protocol/Protocol.js:39:16)
    at Socket.<anonymous> (/home/vagrant/code/node_sandbox/node_modules/mysql/lib/Connection.js:103:28)
    at emitOne (events.js:115:13)
    at Socket.emit (events.js:210:7)
    at addChunk (_stream_readable.js:266:12)
    at readableAddChunk (_stream_readable.js:253:11)
    at Socket.Readable.push (_stream_readable.js:211:10)
    at TCP.onread (net.js:585:20)
    --------------------
    at Protocol._enqueue (/home/vagrant/code/node_sandbox/node_modules/mysql/lib/protocol/Protocol.js:141:48)
    at Connection.query (/home/vagrant/code/node_sandbox/node_modules/mysql/lib/Connection.js:208:25)
    at /home/vagrant/code/node_sandbox/app/controllers/admin/WebinarsController.js:24:16
    at Promise (<anonymous>)
    at getWebinars (/home/vagrant/code/node_sandbox/app/controllers/admin/WebinarsController.js:9:10)
    at getData (/home/vagrant/code/node_sandbox/app/controllers/admin/WebinarsController.js:71:22)
    at index (/home/vagrant/code/node_sandbox/app/controllers/admin/WebinarsController.js:75:12)
    at Layer.handle [as handle_request] (/home/vagrant/code/node_sandbox/node_modules/express/lib/router/layer.js:95:5)
    at next (/home/vagrant/code/node_sandbox/node_modules/express/lib/router/route.js:137:13)
    at Route.dispatch (/home/vagrant/code/node_sandbox/node_modules/express/lib/router/route.js:112:3)
    at Layer.handle [as handle_request] (/home/vagrant/code/node_sandbox/node_modules/express/lib/router/layer.js:95:5)
    at /home/vagrant/code/node_sandbox/node_modules/express/lib/router/index.js:281:22
    at Function.process_params (/home/vagrant/code/node_sandbox/node_modules/express/lib/router/index.js:335:12)
    at next (/home/vagrant/code/node_sandbox/node_modules/express/lib/router/index.js:275:10)
    at next (/home/vagrant/code/node_sandbox/node_modules/express/lib/router/route.js:127:14)
    at app.get (/home/vagrant/code/node_sandbox/app.js:160:3)
